<?xml version="1.0" encoding="UTF-8"?>
<!-- Generated by org.testng.reporters.JUnitXMLReporter -->
<testsuite ignored="0" hostname="DESKTOP-CFSKSBJ" failures="0" tests="6" name="Default test" time="10.997" errors="0" timestamp="2024-10-19T12:54:33 IST">
  <testcase classname="api.test.DDTests" name="testPostuser" time="3.114"/>
  <testcase classname="api.test.DDTests" name="testPostuser" time="1.275"/>
  <testcase classname="api.test.DDTests" name="testPostuser" time="1.221"/>
  <testcase classname="api.test.DDTests" name="testDeleteUserByName" time="1.31"/>
  <testcase classname="api.test.DDTests" name="testDeleteUserByName" time="1.272"/>
  <testcase classname="api.test.DDTests" name="testDeleteUserByName" time="1.269"/>
</testsuite> <!-- Default test -->
